<?xml version="1.0" encoding="UTF-8"?>
<!-- Generated by org.testng.reporters.JUnitXMLReporter -->
<testsuite ignored="5" hostname="DESKTOP-Q8V08M2" failures="0" tests="1" name="Default test" time="26.078" errors="0" timestamp="2025-04-07T21:32:26 IST">
  <testcase classname="tests.Popups" name="verifyTooltipText" time="3.181"/>
  <testcase classname="tests.Popups" name="verifyPromptPopupValueText" time="0.0">
    <ignored/>
  </testcase> <!-- verifyPromptPopupValueText -->
  <testcase classname="tests.Popups" name="verifyConfirmPopupOkText" time="0.0">
    <ignored/>
  </testcase> <!-- verifyConfirmPopupOkText -->
  <testcase classname="tests.Popups" name="verifyConfirmPopupCancelText" time="0.0">
    <ignored/>
  </testcase> <!-- verifyConfirmPopupCancelText -->
  <testcase classname="tests.Popups" name="verifyAlertPopupText" time="0.0">
    <ignored/>
  </testcase> <!-- verifyAlertPopupText -->
  <testcase classname="tests.Popups" name="verifyPromptPopupNoValueText" time="0.0">
    <ignored/>
  </testcase> <!-- verifyPromptPopupNoValueText -->
</testsuite> <!-- Default test -->
