<?xml version="1.0" encoding="UTF-8"?>
<!-- Generated by org.testng.reporters.JUnitXMLReporter -->
<testsuite ignored="0" hostname="DESKTOP-Q8V08M2" failures="0" tests="7" name="Default test" time="49.13" errors="0" timestamp="2025-04-17T01:49:52 IST">
  <testcase classname="tests.Calendar" name="futureYearPrevMonth" time="8.824"/>
  <testcase classname="tests.Calendar" name="futureYearNextMonth" time="6.248"/>
  <testcase classname="tests.Calendar" name="previousYearPrevMonth" time="7.803"/>
  <testcase classname="tests.Calendar" name="previousYearNextMonth" time="8.329"/>
  <testcase classname="tests.Calendar" name="currentYearPrevMonth" time="3.485"/>
  <testcase classname="tests.Calendar" name="currentYearNextMonth" time="3.33"/>
  <testcase classname="tests.Calendar" name="currentYearCurrentMonth" time="3.14"/>
</testsuite> <!-- Default test -->
