<?xml version="1.0" encoding="UTF-8"?>
<!-- Generated by org.testng.reporters.JUnitXMLReporter -->
<testsuite ignored="0" hostname="DESKTOP-Q8V08M2" failures="1" tests="12" name="Test" time="63.571" errors="0" timestamp="2025-04-10T16:25:51 IST">
  <testcase classname="tests.JsDelay" name="verifyJsDelay" time="11.961"/>
  <testcase classname="tests.FormFields" name="submitFormOnlyMandatory" time="4.498"/>
  <testcase classname="tests.FormFields" name="submitFormAllFields" time="5.997"/>
  <testcase classname="tests.FormFields" name="submitFormWithoutMandatory" time="5.805"/>
  <testcase classname="tests.FormFields" name="skippedTest" time="0.022">
    <skipped/>
  </testcase> <!-- skippedTest -->
  <testcase classname="tests.FormFields" name="myFail" time="0.003">
    <failure type="java.lang.AssertionError" message="null">
      <![CDATA[java.lang.AssertionError: null
at tests.FormFields.myFail(FormFields.java:74)
at java.base/java.util.ArrayList.forEach(ArrayList.java:1597)
... Removed 27 stack frames]]>
    </failure>
  </testcase> <!-- myFail -->
  <testcase classname="tests.Popups" name="verifyAlertPopupText" time="2.032"/>
  <testcase classname="tests.Popups" name="verifyConfirmPopupOkText" time="1.622"/>
  <testcase classname="tests.Popups" name="verifyConfirmPopupCancelText" time="1.617"/>
  <testcase classname="tests.Popups" name="verifyPromptPopupNoValueText" time="1.526"/>
  <testcase classname="tests.Popups" name="verifyPromptPopupValueText" time="1.915"/>
  <testcase classname="tests.Popups" name="verifyTooltipText" time="1.612"/>
</testsuite> <!-- Test -->
