<?xml version="1.0" encoding="UTF-8"?>
<!-- Generated by org.testng.reporters.JUnitXMLReporter -->
<testsuite ignored="0" hostname="DESKTOP-Q8V08M2" failures="0" tests="4" name="Test" time="47.927" errors="0" timestamp="2025-04-01T20:18:24 IST">
  <testcase classname="Base.BaseClass" name="myTest" time="10.198"/>
  <testcase classname="Base.BaseClass" name="myTest2" time="3.333"/>
  <testcase classname="pack2.Class1Pack2" name="test" time="0.003"/>
  <testcase classname="pack1.Class1Pack1" name="test1" time="0.003"/>
</testsuite> <!-- Test -->
