<?xml version="1.0" encoding="UTF-8"?>
<!-- Generated by org.testng.reporters.JUnitXMLReporter -->
<testsuite ignored="0" hostname="DESKTOP-Q8V08M2" failures="0" tests="3" name="Test" time="20.902" errors="0" timestamp="2025-04-03T00:47:57 IST">
  <testcase classname="tests.FormFields" name="submitFormOnlyMandatory" time="3.069"/>
  <testcase classname="tests.FormFields" name="submitFormAllFields" time="4.779"/>
  <testcase classname="tests.FormFields" name="submitFormWithoutMandatory" time="4.886"/>
</testsuite> <!-- Test -->
