<?xml version="1.0" encoding="UTF-8"?>
<testsuite xmlns:xsi="http://www.w3.org/2001/XMLSchema-instance" xsi:noNamespaceSchemaLocation="https://maven.apache.org/surefire/maven-surefire-plugin/xsd/surefire-test-report-3.0.xsd" version="3.0" name="TestSuite" time="71.641" tests="14" errors="0" skipped="1" failures="1">
  <properties>
[...]
</properties>
  <testcase name="verifyJsDelay" classname="tests.JsDelay" time="11.738">
    <system-out><![CDATA[17:35:44.567 [main] INFO  tests.JsDelay - =================== TEST CLASS STARTED ===================
17:35:44.614 [main] INFO  tests.JsDelay - [TEST STARTED : verifyJsDelay]
17:35:56.337 [main] INFO  tests.JsDelay - [TEST SUCCESS : verifyJsDelay]
]]></system-out>
    <system-err><![CDATA[SLF4J: Failed to load class "org.slf4j.impl.StaticLoggerBinder".
SLF4J: Defaulting to no-operation (NOP) logger implementation
SLF4J: See http://www.slf4j.org/codes.html#StaticLoggerBinder for further details.
Apr 16, 2025 5:35:39 PM org.openqa.selenium.devtools.CdpVersionFinder findNearestMatch
WARNING: Unable to find an exact match for CDP version 135, returning the closest version; found: 132; Please update to a Selenium version that supports CDP version 135
]]></system-err>
  </testcase>
  <testcase name="submitFormOnlyMandatory" classname="tests.FormFields" time="4.13">
    <system-out><![CDATA[17:35:56.710 [main] INFO  tests.JsDelay - =================== TEST CLASS ENDED ===================
17:36:01.453 [main] INFO  tests.FormFields - =================== TEST CLASS STARTED ===================
17:36:01.458 [main] INFO  tests.FormFields - [TEST STARTED : submitFormOnlyMandatory]
17:36:05.559 [main] INFO  tests.FormFields - [TEST SUCCESS : submitFormOnlyMandatory]
]]></system-out>
    <system-err><![CDATA[Apr 16, 2025 5:35:57 PM org.openqa.selenium.devtools.CdpVersionFinder findNearestMatch
WARNING: Unable to find an exact match for CDP version 135, returning the closest version; found: 132; Please update to a Selenium version that supports CDP version 135
]]></system-err>
  </testcase>
  <testcase name="submitFormAllFields" classname="tests.FormFields" time="5.675">
    <system-out><![CDATA[17:36:05.592 [main] INFO  tests.FormFields - [TEST STARTED : submitFormAllFields]
17:36:11.265 [main] INFO  tests.FormFields - [TEST SUCCESS : submitFormAllFields]
]]></system-out>
  </testcase>
  <testcase name="submitFormWithoutMandatory" classname="tests.FormFields" time="4.977">
    <system-out><![CDATA[17:36:11.269 [main] INFO  tests.FormFields - [TEST STARTED : submitFormWithoutMandatory]
17:36:16.241 [main] INFO  tests.FormFields - [TEST SUCCESS : submitFormWithoutMandatory]
]]></system-out>
  </testcase>
  <testcase name="skippedTest" classname="tests.FormFields" time="0.0">
    <skipped message="Skipping this test case because of some condition."/>
    <system-out><![CDATA[Skipping this test intentionally...
]]></system-out>
  </testcase>
  <testcase name="myFail" classname="tests.FormFields" time="0.298">
    <failure message="null" type="java.lang.AssertionError"><![CDATA[java.lang.AssertionError: null
	at org.testng.Assert.fail(Assert.java:111)
	at org.testng.Assert.fail(Assert.java:116)
	at tests.FormFields.myFail(FormFields.java:74)
	at java.base/jdk.internal.reflect.DirectMethodHandleAccessor.invoke(DirectMethodHandleAccessor.java:103)
	at java.base/java.lang.reflect.Method.invoke(Method.java:580)
	at org.testng.internal.invokers.MethodInvocationHelper.invokeMethod(MethodInvocationHelper.java:141)
	at org.testng.internal.invokers.TestInvoker.invokeMethod(TestInvoker.java:686)
	at org.testng.internal.invokers.TestInvoker.invokeTestMethod(TestInvoker.java:230)
	at org.testng.internal.invokers.MethodRunner.runInSequence(MethodRunner.java:63)
	at org.testng.internal.invokers.TestInvoker$MethodInvocationAgent.invoke(TestInvoker.java:992)
	at org.testng.internal.invokers.TestInvoker.invokeTestMethods(TestInvoker.java:203)
	at org.testng.internal.invokers.TestMethodWorker.invokeTestMethods(TestMethodWorker.java:154)
	at org.testng.internal.invokers.TestMethodWorker.run(TestMethodWorker.java:134)
	at java.base/java.util.ArrayList.forEach(ArrayList.java:1597)
	at org.testng.TestRunner.privateRun(TestRunner.java:739)
	at org.testng.TestRunner.run(TestRunner.java:614)
	at org.testng.SuiteRunner.runTest(SuiteRunner.java:421)
	at org.testng.SuiteRunner.runSequentially(SuiteRunner.java:413)
	at org.testng.SuiteRunner.privateRun(SuiteRunner.java:373)
	at org.testng.SuiteRunner.run(SuiteRunner.java:312)
	at org.testng.SuiteRunnerWorker.runSuite(SuiteRunnerWorker.java:52)
	at org.testng.SuiteRunnerWorker.run(SuiteRunnerWorker.java:95)
	at org.testng.TestNG.runSuitesSequentially(TestNG.java:1274)
	at org.testng.TestNG.runSuitesLocally(TestNG.java:1208)
	at org.testng.TestNG.runSuites(TestNG.java:1112)
	at org.testng.TestNG.run(TestNG.java:1079)
	at org.apache.maven.surefire.testng.TestNGExecutor.run(TestNGExecutor.java:308)
	at org.apache.maven.surefire.testng.TestNGXmlTestSuite.execute(TestNGXmlTestSuite.java:71)
	at org.apache.maven.surefire.testng.TestNGProvider.invoke(TestNGProvider.java:113)
	at org.apache.maven.surefire.booter.ForkedBooter.runSuitesInProcess(ForkedBooter.java:385)
	at org.apache.maven.surefire.booter.ForkedBooter.execute(ForkedBooter.java:162)
	at org.apache.maven.surefire.booter.ForkedBooter.run(ForkedBooter.java:507)
	at org.apache.maven.surefire.booter.ForkedBooter.main(ForkedBooter.java:495)
]]></failure>
    <system-out><![CDATA[17:36:16.253 [main] INFO  tests.FormFields - [TEST STARTED : myFail]
]]></system-out>
  </testcase>
  <testcase name="verifyAlertPopupText" classname="tests.Popups" time="1.592">
    <system-out><![CDATA[17:36:16.919 [main] INFO  tests.FormFields - =================== TEST CLASS ENDED ===================
17:36:21.971 [main] INFO  tests.Popups - =================== TEST CLASS STARTED ===================
17:36:21.975 [main] INFO  tests.Popups - [TEST STARTED : verifyAlertPopupText]
17:36:23.566 [main] INFO  tests.Popups - [TEST SUCCESS : verifyAlertPopupText]
]]></system-out>
    <system-err><![CDATA[Apr 16, 2025 5:36:18 PM org.openqa.selenium.devtools.CdpVersionFinder findNearestMatch
WARNING: Unable to find an exact match for CDP version 135, returning the closest version; found: 132; Please update to a Selenium version that supports CDP version 135
]]></system-err>
  </testcase>
  <testcase name="verifyConfirmPopupOkText" classname="tests.Popups" time="1.663">
    <system-out><![CDATA[17:36:23.569 [main] INFO  tests.Popups - [TEST STARTED : verifyConfirmPopupOkText]
17:36:25.231 [main] INFO  tests.Popups - [TEST SUCCESS : verifyConfirmPopupOkText]
]]></system-out>
  </testcase>
  <testcase name="verifyConfirmPopupCancelText" classname="tests.Popups" time="1.38">
    <system-out><![CDATA[17:36:25.233 [main] INFO  tests.Popups - [TEST STARTED : verifyConfirmPopupOkText]
Cancel it is!
17:36:26.611 [main] INFO  tests.Popups - [TEST SUCCESS : verifyConfirmPopupOkText]
]]></system-out>
  </testcase>
  <testcase name="verifyPromptPopupNoValueText" classname="tests.Popups" time="1.446">
    <system-out><![CDATA[17:36:26.615 [main] INFO  tests.Popups - [TEST STARTED : verifyConfirmPopupOkText]
Fine, be that way...
17:36:28.059 [main] INFO  tests.Popups - [TEST SUCCESS : verifyConfirmPopupOkText]
]]></system-out>
  </testcase>
  <testcase name="verifyPromptPopupValueText" classname="tests.Popups" time="1.61">
    <system-out><![CDATA[17:36:28.062 [main] INFO  tests.Popups - [TEST STARTED : verifyConfirmPopupOkText]
Nice to meet you, NMDP!
17:36:29.670 [main] INFO  tests.Popups - [TEST SUCCESS : verifyConfirmPopupOkText]
]]></system-out>
  </testcase>
  <testcase name="verifyTooltipText" classname="tests.Popups" time="1.482">
    <system-out><![CDATA[17:36:29.675 [main] INFO  tests.Popups - [TEST STARTED : verifyConfirmPopupOkText]
Cool text
17:36:31.155 [main] INFO  tests.Popups - [TEST SUCCESS : verifyConfirmPopupOkText]
]]></system-out>
  </testcase>
  <testcase name="slideUsingHover" classname="tests.Slider" time="2.724">
    <system-out><![CDATA[17:36:31.383 [main] INFO  tests.Popups - =================== TEST CLASS ENDED ===================
17:36:36.489 [main] INFO  tests.Slider - =================== TEST CLASS STARTED ===================
17:36:36.493 [main] INFO  tests.Slider - [TEST STARTED : slideUsingHover]
79
17:36:39.213 [main] INFO  tests.Slider - [TEST SUCCESS : slideUsingHover]
]]></system-out>
    <system-err><![CDATA[Apr 16, 2025 5:36:32 PM org.openqa.selenium.devtools.CdpVersionFinder findNearestMatch
WARNING: Unable to find an exact match for CDP version 135, returning the closest version; found: 132; Please update to a Selenium version that supports CDP version 135
]]></system-err>
  </testcase>
  <testcase name="slideUsingDragDrop" classname="tests.Slider" time="2.775">
    <system-out><![CDATA[17:36:39.219 [main] INFO  tests.Slider - [TEST STARTED : slideUsingDragDrop]
79
17:36:41.990 [main] INFO  tests.Slider - [TEST SUCCESS : slideUsingDragDrop]
]]></system-out>
  </testcase>
</testsuite>