<?xml version="1.0" encoding="UTF-8"?>
<testng-results ignored="0" total="3" passed="3" failed="0" skipped="0">
  <reporter-output>
  </reporter-output>
  <suite started-at="2025-04-03T00:44:12 IST" name="Suite" finished-at="2025-04-03T00:44:36 IST" duration-ms="24116">
    <groups>
    </groups>
    <test started-at="2025-04-03T00:44:12 IST" name="Test" finished-at="2025-04-03T00:44:36 IST" duration-ms="24116">
      <class name="tests.FormFields">
        <test-method is-config="true" signature="start()[pri:0, instance:tests.FormFields@a1153bc]" started-at="2025-04-03T00:44:12 IST" name="start" finished-at="2025-04-03T00:44:21 IST" duration-ms="8173" status="PASS">
          <reporter-output>
          </reporter-output>
        </test-method> <!-- start -->
        <test-method signature="submitFormOnlyMandatory()[pri:1, instance:tests.FormFields@a1153bc]" started-at="2025-04-03T00:44:21 IST" name="submitFormOnlyMandatory" description="TC_AN_FF_01" finished-at="2025-04-03T00:44:24 IST" duration-ms="3518" status="PASS">
          <reporter-output>
          </reporter-output>
        </test-method> <!-- submitFormOnlyMandatory -->
        <test-method signature="submitFormAllFields()[pri:2, instance:tests.FormFields@a1153bc]" started-at="2025-04-03T00:44:24 IST" name="submitFormAllFields" description="TC_AN_FF_02" finished-at="2025-04-03T00:44:30 IST" duration-ms="5905" status="PASS">
          <reporter-output>
          </reporter-output>
        </test-method> <!-- submitFormAllFields -->
        <test-method signature="submitFormWithoutMandatory()[pri:3, instance:tests.FormFields@a1153bc]" started-at="2025-04-03T00:44:30 IST" name="submitFormWithoutMandatory" description="TC_AN_FF_03" finished-at="2025-04-03T00:44:36 IST" duration-ms="6078" status="PASS">
          <reporter-output>
          </reporter-output>
        </test-method> <!-- submitFormWithoutMandatory -->
        <test-method is-config="true" signature="end()[pri:0, instance:tests.FormFields@a1153bc]" started-at="2025-04-03T00:44:36 IST" name="end" finished-at="2025-04-03T00:44:36 IST" duration-ms="378" status="PASS">
          <reporter-output>
          </reporter-output>
        </test-method> <!-- end -->
      </class> <!-- tests.FormFields -->
    </test> <!-- Test -->
  </suite> <!-- Suite -->
</testng-results>
